<?xml version="1.0" encoding="UTF-8"?><testrun name="Runner" project="CCVIC-Dev" tests="1" started="1" failures="0" errors="1" ignored="0">
  <testsuite name="Com.RunnerPackage.Runner" time="117.712">
    <testsuite name="User Login" time="117.712">
      <testcase name="Submit Subpoenaed Material" classname="User Login" time="117.712">
        <error>org.openqa.selenium.TimeoutException: Expected condition failed: waiting for element to be clickable: By.xpath: //input[Contains(text(),'Next')] (tried for 30 second(s) with 500 milliseconds interval)
Build info: version: '4.5.0', revision: 'fe167b119a'
System info: os.name: 'Windows 11', os.arch: 'amd64', os.version: '10.0', java.version: '21.0.3'
Driver info: org.openqa.selenium.chrome.ChromeDriver
Capabilities {acceptInsecureCerts: false, browserName: chrome, browserVersion: 127.0.6533.73, chrome: {chromedriverVersion: 127.0.6533.88 (a2d0cb026721..., userDataDir: C:\Users\Dell\AppData\Local...}, fedcm:accounts: true, goog:chromeOptions: {debuggerAddress: localhost:56871}, networkConnectionEnabled: false, pageLoadStrategy: normal, platformName: WINDOWS, proxy: Proxy(), se:cdp: ws://localhost:56871/devtoo..., se:cdpVersion: 127.0.6533.73, setWindowRect: true, strictFileInteractability: false, timeouts: {implicit: 0, pageLoad: 300000, script: 30000}, unhandledPromptBehavior: dismiss and notify, webauthn:extension:credBlob: true, webauthn:extension:largeBlob: true, webauthn:extension:minPinLength: true, webauthn:extension:prf: true, webauthn:virtualAuthenticators: true}
Session ID: 829816065b7c864912fb5dda823e7e0f&#13;
	at org.openqa.selenium.support.ui.WebDriverWait.timeoutException(WebDriverWait.java:87)&#13;
	at org.openqa.selenium.support.ui.FluentWait.until(FluentWait.java:231)&#13;
	at com.stepdefinition.Login.upload_subpoenaed_material_and_enter_the_subpoenaed_description(Login.java:251)&#13;
	at âœ½.Upload Subpoenaed Material and enter the subpoenaed Description(file:///C:/Users/Dell/source/repos/CCVIC-Automation/CCVIC-Dev/Feature/fileadocument.feature:58)&#13;
&#13;
</error>
      </testcase>
    </testsuite>
  </testsuite>
</testrun>
